2022-04-20 11:29:14.645 [org.springframework.kafka.KafkaListenerEndpointContainer#0-0-C-1] ERROR o.s.kafka.listener.SeekToCurrentErrorHandler - Backoff none exhausted for ConsumerRecord(topic = test, partition = 0, leaderEpoch = 14, offset = 0, CreateTime = 1650425354245, serialized key size = -1, serialized value size = 17, headers = RecordHeaders(headers = [], isReadOnly = false), key = null, value = this is test data)
org.springframework.kafka.listener.ListenerExecutionFailedException: Listener method could not be invoked with the incoming message
Endpoint handler details:
Method [private void com.zys.kafka.KafkaConsumer.listen(org.apache.kafka.clients.consumer.ConsumerRecord<java.lang.String, java.lang.String>,org.springframework.kafka.support.Acknowledgment)]
Bean [com.zys.kafka.KafkaConsumer@46bfb139]; nested exception is org.springframework.messaging.handler.annotation.support.MethodArgumentNotValidException: Could not resolve method parameter at index 1 in private void com.zys.kafka.KafkaConsumer.listen(org.apache.kafka.clients.consumer.ConsumerRecord<java.lang.String, java.lang.String>,org.springframework.kafka.support.Acknowledgment): 1 error(s): [Error in object 'ack': codes []; arguments []; default message [Payload value must not be empty]] , failedMessage=GenericMessage [payload=org.springframework.kafka.support.KafkaNull@4592c6ab, headers={id=801ee5c4-9af4-88b7-f907-65cd33fd70d8, timestamp=1650425237424}]; nested exception is org.springframework.messaging.handler.annotation.support.MethodArgumentNotValidException: Could not resolve method parameter at index 1 in private void com.zys.kafka.KafkaConsumer.listen(org.apache.kafka.clients.consumer.ConsumerRecord<java.lang.String, java.lang.String>,org.springframework.kafka.support.Acknowledgment): 1 error(s): [Error in object 'ack': codes []; arguments []; default message [Payload value must not be empty]] , failedMessage=GenericMessage [payload=org.springframework.kafka.support.KafkaNull@4592c6ab, headers={id=801ee5c4-9af4-88b7-f907-65cd33fd70d8, timestamp=1650425237424}]
	at org.springframework.kafka.listener.KafkaMessageListenerContainer$ListenerConsumer.decorateException(KafkaMessageListenerContainer.java:2069)
	at org.springframework.kafka.listener.KafkaMessageListenerContainer$ListenerConsumer.invokeErrorHandler(KafkaMessageListenerContainer.java:2057)
	at org.springframework.kafka.listener.KafkaMessageListenerContainer$ListenerConsumer.doInvokeRecordListener(KafkaMessageListenerContainer.java:1956)
	at org.springframework.kafka.listener.KafkaMessageListenerContainer$ListenerConsumer.doInvokeWithRecords(KafkaMessageListenerContainer.java:1883)
	at org.springframework.kafka.listener.KafkaMessageListenerContainer$ListenerConsumer.invokeRecordListener(KafkaMessageListenerContainer.java:1777)
	at org.springframework.kafka.listener.KafkaMessageListenerContainer$ListenerConsumer.invokeListener(KafkaMessageListenerContainer.java:1498)
	at org.springframework.kafka.listener.KafkaMessageListenerContainer$ListenerConsumer.pollAndInvoke(KafkaMessageListenerContainer.java:1149)
	at org.springframework.kafka.listener.KafkaMessageListenerContainer$ListenerConsumer.run(KafkaMessageListenerContainer.java:1054)
	at java.util.concurrent.Executors$RunnableAdapter.call(Executors.java:511)
	at java.util.concurrent.FutureTask.run$$$capture(FutureTask.java:266)
	at java.util.concurrent.FutureTask.run(FutureTask.java)
	at java.lang.Thread.run(Thread.java:745)
Caused by: org.springframework.messaging.handler.annotation.support.MethodArgumentNotValidException: Could not resolve method parameter at index 1 in private void com.zys.kafka.KafkaConsumer.listen(org.apache.kafka.clients.consumer.ConsumerRecord<java.lang.String, java.lang.String>,org.springframework.kafka.support.Acknowledgment): 1 error(s): [Error in object 'ack': codes []; arguments []; default message [Payload value must not be empty]] 
	at org.springframework.messaging.handler.annotation.support.PayloadMethodArgumentResolver.resolveArgument(PayloadMethodArgumentResolver.java:122)
	at org.springframework.kafka.annotation.KafkaListenerAnnotationBeanPostProcessor$KafkaNullAwarePayloadArgumentResolver.resolveArgument(KafkaListenerAnnotationBeanPostProcessor.java:910)
	at org.springframework.messaging.handler.invocation.HandlerMethodArgumentResolverComposite.resolveArgument(HandlerMethodArgumentResolverComposite.java:117)
	at org.springframework.messaging.handler.invocation.InvocableHandlerMethod.getMethodArgumentValues(InvocableHandlerMethod.java:148)
	at org.springframework.messaging.handler.invocation.InvocableHandlerMethod.invoke(InvocableHandlerMethod.java:116)
	at org.springframework.kafka.listener.adapter.HandlerAdapter.invoke(HandlerAdapter.java:48)
	at org.springframework.kafka.listener.adapter.MessagingMessageListenerAdapter.invokeHandler(MessagingMessageListenerAdapter.java:329)
	at org.springframework.kafka.listener.adapter.RecordMessagingMessageListenerAdapter.onMessage(RecordMessagingMessageListenerAdapter.java:86)
	at org.springframework.kafka.listener.adapter.RecordMessagingMessageListenerAdapter.onMessage(RecordMessagingMessageListenerAdapter.java:51)
	at org.springframework.kafka.listener.KafkaMessageListenerContainer$ListenerConsumer.doInvokeOnMessage(KafkaMessageListenerContainer.java:2024)
	at org.springframework.kafka.listener.KafkaMessageListenerContainer$ListenerConsumer.invokeOnMessage(KafkaMessageListenerContainer.java:2006)
	at org.springframework.kafka.listener.KafkaMessageListenerContainer$ListenerConsumer.doInvokeRecordListener(KafkaMessageListenerContainer.java:1943)
	... 9 common frames omitted
2022-04-20 11:30:29.416 [org.springframework.kafka.KafkaListenerEndpointContainer#0-0-C-1] ERROR o.s.kafka.listener.SeekToCurrentErrorHandler - Backoff none exhausted for ConsumerRecord(topic = test, partition = 0, leaderEpoch = 14, offset = 1, CreateTime = 1650425457357, serialized key size = -1, serialized value size = 3, headers = RecordHeaders(headers = [], isReadOnly = false), key = null, value = aaa)
org.springframework.kafka.listener.ListenerExecutionFailedException: Listener method could not be invoked with the incoming message
Endpoint handler details:
Method [private void com.zys.kafka.KafkaConsumer.listen(org.apache.kafka.clients.consumer.ConsumerRecord<java.lang.String, java.lang.String>,org.springframework.kafka.support.Acknowledgment)]
Bean [com.zys.kafka.KafkaConsumer@46bfb139]; nested exception is org.springframework.messaging.handler.annotation.support.MethodArgumentNotValidException: Could not resolve method parameter at index 1 in private void com.zys.kafka.KafkaConsumer.listen(org.apache.kafka.clients.consumer.ConsumerRecord<java.lang.String, java.lang.String>,org.springframework.kafka.support.Acknowledgment): 1 error(s): [Error in object 'ack': codes []; arguments []; default message [Payload value must not be empty]] , failedMessage=GenericMessage [payload=org.springframework.kafka.support.KafkaNull@4592c6ab, headers={id=801ee5c4-9af4-88b7-f907-65cd33fd70d8, timestamp=1650425237424}]; nested exception is org.springframework.messaging.handler.annotation.support.MethodArgumentNotValidException: Could not resolve method parameter at index 1 in private void com.zys.kafka.KafkaConsumer.listen(org.apache.kafka.clients.consumer.ConsumerRecord<java.lang.String, java.lang.String>,org.springframework.kafka.support.Acknowledgment): 1 error(s): [Error in object 'ack': codes []; arguments []; default message [Payload value must not be empty]] , failedMessage=GenericMessage [payload=org.springframework.kafka.support.KafkaNull@4592c6ab, headers={id=801ee5c4-9af4-88b7-f907-65cd33fd70d8, timestamp=1650425237424}]
	at org.springframework.kafka.listener.KafkaMessageListenerContainer$ListenerConsumer.decorateException(KafkaMessageListenerContainer.java:2069)
	at org.springframework.kafka.listener.KafkaMessageListenerContainer$ListenerConsumer.invokeErrorHandler(KafkaMessageListenerContainer.java:2057)
	at org.springframework.kafka.listener.KafkaMessageListenerContainer$ListenerConsumer.doInvokeRecordListener(KafkaMessageListenerContainer.java:1956)
	at org.springframework.kafka.listener.KafkaMessageListenerContainer$ListenerConsumer.doInvokeWithRecords(KafkaMessageListenerContainer.java:1883)
	at org.springframework.kafka.listener.KafkaMessageListenerContainer$ListenerConsumer.invokeRecordListener(KafkaMessageListenerContainer.java:1777)
	at org.springframework.kafka.listener.KafkaMessageListenerContainer$ListenerConsumer.invokeListener(KafkaMessageListenerContainer.java:1498)
	at org.springframework.kafka.listener.KafkaMessageListenerContainer$ListenerConsumer.pollAndInvoke(KafkaMessageListenerContainer.java:1149)
	at org.springframework.kafka.listener.KafkaMessageListenerContainer$ListenerConsumer.run(KafkaMessageListenerContainer.java:1054)
	at java.util.concurrent.Executors$RunnableAdapter.call(Executors.java:511)
	at java.util.concurrent.FutureTask.run$$$capture(FutureTask.java:266)
	at java.util.concurrent.FutureTask.run(FutureTask.java)
	at java.lang.Thread.run(Thread.java:745)
Caused by: org.springframework.messaging.handler.annotation.support.MethodArgumentNotValidException: Could not resolve method parameter at index 1 in private void com.zys.kafka.KafkaConsumer.listen(org.apache.kafka.clients.consumer.ConsumerRecord<java.lang.String, java.lang.String>,org.springframework.kafka.support.Acknowledgment): 1 error(s): [Error in object 'ack': codes []; arguments []; default message [Payload value must not be empty]] 
	at org.springframework.messaging.handler.annotation.support.PayloadMethodArgumentResolver.resolveArgument(PayloadMethodArgumentResolver.java:122)
	at org.springframework.kafka.annotation.KafkaListenerAnnotationBeanPostProcessor$KafkaNullAwarePayloadArgumentResolver.resolveArgument(KafkaListenerAnnotationBeanPostProcessor.java:910)
	at org.springframework.messaging.handler.invocation.HandlerMethodArgumentResolverComposite.resolveArgument(HandlerMethodArgumentResolverComposite.java:117)
	at org.springframework.messaging.handler.invocation.InvocableHandlerMethod.getMethodArgumentValues(InvocableHandlerMethod.java:148)
	at org.springframework.messaging.handler.invocation.InvocableHandlerMethod.invoke(InvocableHandlerMethod.java:116)
	at org.springframework.kafka.listener.adapter.HandlerAdapter.invoke(HandlerAdapter.java:48)
	at org.springframework.kafka.listener.adapter.MessagingMessageListenerAdapter.invokeHandler(MessagingMessageListenerAdapter.java:329)
	at org.springframework.kafka.listener.adapter.RecordMessagingMessageListenerAdapter.onMessage(RecordMessagingMessageListenerAdapter.java:86)
	at org.springframework.kafka.listener.adapter.RecordMessagingMessageListenerAdapter.onMessage(RecordMessagingMessageListenerAdapter.java:51)
	at org.springframework.kafka.listener.KafkaMessageListenerContainer$ListenerConsumer.doInvokeOnMessage(KafkaMessageListenerContainer.java:2024)
	at org.springframework.kafka.listener.KafkaMessageListenerContainer$ListenerConsumer.invokeOnMessage(KafkaMessageListenerContainer.java:2006)
	at org.springframework.kafka.listener.KafkaMessageListenerContainer$ListenerConsumer.doInvokeRecordListener(KafkaMessageListenerContainer.java:1943)
	... 9 common frames omitted
2022-04-20 11:33:14.626 [org.springframework.kafka.KafkaListenerEndpointContainer#0-0-C-1] ERROR o.s.kafka.listener.SeekToCurrentErrorHandler - Backoff none exhausted for ConsumerRecord(topic = test, partition = 0, leaderEpoch = 14, offset = 2, CreateTime = 1650425622594, serialized key size = -1, serialized value size = 3, headers = RecordHeaders(headers = [], isReadOnly = false), key = null, value = a:1)
org.springframework.kafka.listener.ListenerExecutionFailedException: Listener method could not be invoked with the incoming message
Endpoint handler details:
Method [private void com.zys.kafka.KafkaConsumer.listen(org.apache.kafka.clients.consumer.ConsumerRecord<java.lang.String, java.lang.String>,org.springframework.kafka.support.Acknowledgment)]
Bean [com.zys.kafka.KafkaConsumer@46bfb139]; nested exception is org.springframework.messaging.handler.annotation.support.MethodArgumentNotValidException: Could not resolve method parameter at index 1 in private void com.zys.kafka.KafkaConsumer.listen(org.apache.kafka.clients.consumer.ConsumerRecord<java.lang.String, java.lang.String>,org.springframework.kafka.support.Acknowledgment): 1 error(s): [Error in object 'ack': codes []; arguments []; default message [Payload value must not be empty]] , failedMessage=GenericMessage [payload=org.springframework.kafka.support.KafkaNull@4592c6ab, headers={id=801ee5c4-9af4-88b7-f907-65cd33fd70d8, timestamp=1650425237424}]; nested exception is org.springframework.messaging.handler.annotation.support.MethodArgumentNotValidException: Could not resolve method parameter at index 1 in private void com.zys.kafka.KafkaConsumer.listen(org.apache.kafka.clients.consumer.ConsumerRecord<java.lang.String, java.lang.String>,org.springframework.kafka.support.Acknowledgment): 1 error(s): [Error in object 'ack': codes []; arguments []; default message [Payload value must not be empty]] , failedMessage=GenericMessage [payload=org.springframework.kafka.support.KafkaNull@4592c6ab, headers={id=801ee5c4-9af4-88b7-f907-65cd33fd70d8, timestamp=1650425237424}]
	at org.springframework.kafka.listener.KafkaMessageListenerContainer$ListenerConsumer.decorateException(KafkaMessageListenerContainer.java:2069)
	at org.springframework.kafka.listener.KafkaMessageListenerContainer$ListenerConsumer.invokeErrorHandler(KafkaMessageListenerContainer.java:2057)
	at org.springframework.kafka.listener.KafkaMessageListenerContainer$ListenerConsumer.doInvokeRecordListener(KafkaMessageListenerContainer.java:1956)
	at org.springframework.kafka.listener.KafkaMessageListenerContainer$ListenerConsumer.doInvokeWithRecords(KafkaMessageListenerContainer.java:1883)
	at org.springframework.kafka.listener.KafkaMessageListenerContainer$ListenerConsumer.invokeRecordListener(KafkaMessageListenerContainer.java:1777)
	at org.springframework.kafka.listener.KafkaMessageListenerContainer$ListenerConsumer.invokeListener(KafkaMessageListenerContainer.java:1498)
	at org.springframework.kafka.listener.KafkaMessageListenerContainer$ListenerConsumer.pollAndInvoke(KafkaMessageListenerContainer.java:1149)
	at org.springframework.kafka.listener.KafkaMessageListenerContainer$ListenerConsumer.run(KafkaMessageListenerContainer.java:1054)
	at java.util.concurrent.Executors$RunnableAdapter.call(Executors.java:511)
	at java.util.concurrent.FutureTask.run$$$capture(FutureTask.java:266)
	at java.util.concurrent.FutureTask.run(FutureTask.java)
	at java.lang.Thread.run(Thread.java:745)
Caused by: org.springframework.messaging.handler.annotation.support.MethodArgumentNotValidException: Could not resolve method parameter at index 1 in private void com.zys.kafka.KafkaConsumer.listen(org.apache.kafka.clients.consumer.ConsumerRecord<java.lang.String, java.lang.String>,org.springframework.kafka.support.Acknowledgment): 1 error(s): [Error in object 'ack': codes []; arguments []; default message [Payload value must not be empty]] 
	at org.springframework.messaging.handler.annotation.support.PayloadMethodArgumentResolver.resolveArgument(PayloadMethodArgumentResolver.java:122)
	at org.springframework.kafka.annotation.KafkaListenerAnnotationBeanPostProcessor$KafkaNullAwarePayloadArgumentResolver.resolveArgument(KafkaListenerAnnotationBeanPostProcessor.java:910)
	at org.springframework.messaging.handler.invocation.HandlerMethodArgumentResolverComposite.resolveArgument(HandlerMethodArgumentResolverComposite.java:117)
	at org.springframework.messaging.handler.invocation.InvocableHandlerMethod.getMethodArgumentValues(InvocableHandlerMethod.java:148)
	at org.springframework.messaging.handler.invocation.InvocableHandlerMethod.invoke(InvocableHandlerMethod.java:116)
	at org.springframework.kafka.listener.adapter.HandlerAdapter.invoke(HandlerAdapter.java:48)
	at org.springframework.kafka.listener.adapter.MessagingMessageListenerAdapter.invokeHandler(MessagingMessageListenerAdapter.java:329)
	at org.springframework.kafka.listener.adapter.RecordMessagingMessageListenerAdapter.onMessage(RecordMessagingMessageListenerAdapter.java:86)
	at org.springframework.kafka.listener.adapter.RecordMessagingMessageListenerAdapter.onMessage(RecordMessagingMessageListenerAdapter.java:51)
	at org.springframework.kafka.listener.KafkaMessageListenerContainer$ListenerConsumer.doInvokeOnMessage(KafkaMessageListenerContainer.java:2024)
	at org.springframework.kafka.listener.KafkaMessageListenerContainer$ListenerConsumer.invokeOnMessage(KafkaMessageListenerContainer.java:2006)
	at org.springframework.kafka.listener.KafkaMessageListenerContainer$ListenerConsumer.doInvokeRecordListener(KafkaMessageListenerContainer.java:1943)
	... 9 common frames omitted
2022-04-20 11:33:59.707 [org.springframework.kafka.KafkaListenerEndpointContainer#0-0-C-1] ERROR o.s.kafka.listener.SeekToCurrentErrorHandler - Backoff none exhausted for ConsumerRecord(topic = test, partition = 0, leaderEpoch = 14, offset = 3, CreateTime = 1650425639519, serialized key size = 9, serialized value size = 17, headers = RecordHeaders(headers = [], isReadOnly = false), key = thisIsKey, value = this is test data)
org.springframework.kafka.listener.ListenerExecutionFailedException: Listener method could not be invoked with the incoming message
Endpoint handler details:
Method [private void com.zys.kafka.KafkaConsumer.listen(org.apache.kafka.clients.consumer.ConsumerRecord<java.lang.String, java.lang.String>,org.springframework.kafka.support.Acknowledgment)]
Bean [com.zys.kafka.KafkaConsumer@67bdc660]; nested exception is org.springframework.messaging.handler.annotation.support.MethodArgumentNotValidException: Could not resolve method parameter at index 1 in private void com.zys.kafka.KafkaConsumer.listen(org.apache.kafka.clients.consumer.ConsumerRecord<java.lang.String, java.lang.String>,org.springframework.kafka.support.Acknowledgment): 1 error(s): [Error in object 'ack': codes []; arguments []; default message [Payload value must not be empty]] , failedMessage=GenericMessage [payload=org.springframework.kafka.support.KafkaNull@4592c6ab, headers={id=801ee5c4-9af4-88b7-f907-65cd33fd70d8, timestamp=1650425237424}]; nested exception is org.springframework.messaging.handler.annotation.support.MethodArgumentNotValidException: Could not resolve method parameter at index 1 in private void com.zys.kafka.KafkaConsumer.listen(org.apache.kafka.clients.consumer.ConsumerRecord<java.lang.String, java.lang.String>,org.springframework.kafka.support.Acknowledgment): 1 error(s): [Error in object 'ack': codes []; arguments []; default message [Payload value must not be empty]] , failedMessage=GenericMessage [payload=org.springframework.kafka.support.KafkaNull@4592c6ab, headers={id=801ee5c4-9af4-88b7-f907-65cd33fd70d8, timestamp=1650425237424}]
	at org.springframework.kafka.listener.KafkaMessageListenerContainer$ListenerConsumer.decorateException(KafkaMessageListenerContainer.java:2069)
	at org.springframework.kafka.listener.KafkaMessageListenerContainer$ListenerConsumer.invokeErrorHandler(KafkaMessageListenerContainer.java:2057)
	at org.springframework.kafka.listener.KafkaMessageListenerContainer$ListenerConsumer.doInvokeRecordListener(KafkaMessageListenerContainer.java:1956)
	at org.springframework.kafka.listener.KafkaMessageListenerContainer$ListenerConsumer.doInvokeWithRecords(KafkaMessageListenerContainer.java:1883)
	at org.springframework.kafka.listener.KafkaMessageListenerContainer$ListenerConsumer.invokeRecordListener(KafkaMessageListenerContainer.java:1777)
	at org.springframework.kafka.listener.KafkaMessageListenerContainer$ListenerConsumer.invokeListener(KafkaMessageListenerContainer.java:1498)
	at org.springframework.kafka.listener.KafkaMessageListenerContainer$ListenerConsumer.pollAndInvoke(KafkaMessageListenerContainer.java:1149)
	at org.springframework.kafka.listener.KafkaMessageListenerContainer$ListenerConsumer.run(KafkaMessageListenerContainer.java:1054)
	at java.util.concurrent.Executors$RunnableAdapter.call(Executors.java:511)
	at java.util.concurrent.FutureTask.run$$$capture(FutureTask.java:266)
	at java.util.concurrent.FutureTask.run(FutureTask.java)
	at java.lang.Thread.run(Thread.java:745)
Caused by: org.springframework.messaging.handler.annotation.support.MethodArgumentNotValidException: Could not resolve method parameter at index 1 in private void com.zys.kafka.KafkaConsumer.listen(org.apache.kafka.clients.consumer.ConsumerRecord<java.lang.String, java.lang.String>,org.springframework.kafka.support.Acknowledgment): 1 error(s): [Error in object 'ack': codes []; arguments []; default message [Payload value must not be empty]] 
	at org.springframework.messaging.handler.annotation.support.PayloadMethodArgumentResolver.resolveArgument(PayloadMethodArgumentResolver.java:122)
	at org.springframework.kafka.annotation.KafkaListenerAnnotationBeanPostProcessor$KafkaNullAwarePayloadArgumentResolver.resolveArgument(KafkaListenerAnnotationBeanPostProcessor.java:910)
	at org.springframework.messaging.handler.invocation.HandlerMethodArgumentResolverComposite.resolveArgument(HandlerMethodArgumentResolverComposite.java:117)
	at org.springframework.messaging.handler.invocation.InvocableHandlerMethod.getMethodArgumentValues(InvocableHandlerMethod.java:148)
	at org.springframework.messaging.handler.invocation.InvocableHandlerMethod.invoke(InvocableHandlerMethod.java:116)
	at org.springframework.kafka.listener.adapter.HandlerAdapter.invoke(HandlerAdapter.java:48)
	at org.springframework.kafka.listener.adapter.MessagingMessageListenerAdapter.invokeHandler(MessagingMessageListenerAdapter.java:329)
	at org.springframework.kafka.listener.adapter.RecordMessagingMessageListenerAdapter.onMessage(RecordMessagingMessageListenerAdapter.java:86)
	at org.springframework.kafka.listener.adapter.RecordMessagingMessageListenerAdapter.onMessage(RecordMessagingMessageListenerAdapter.java:51)
	at org.springframework.kafka.listener.KafkaMessageListenerContainer$ListenerConsumer.doInvokeOnMessage(KafkaMessageListenerContainer.java:2024)
	at org.springframework.kafka.listener.KafkaMessageListenerContainer$ListenerConsumer.invokeOnMessage(KafkaMessageListenerContainer.java:2006)
	at org.springframework.kafka.listener.KafkaMessageListenerContainer$ListenerConsumer.doInvokeRecordListener(KafkaMessageListenerContainer.java:1943)
	... 9 common frames omitted
